INFO:    User not listed in /etc/subuid, trying root-mapped namespace
INFO:    The %post section will be run under the fakeroot command
INFO:    Starting build...
Copying blob sha256:184a776449911524150de3a331d4c3eafe528bd2fc50c9b97326bf3fb8e1d4f6
Copying blob sha256:12593af8cbd21b1576220a9427a4348a814d745e8be2f1e0c291feeccef9435f
Copying blob sha256:1a2929da74e607ea6ef07742bf12f320bf1a3dbae71e551ac6ca616497bcac33
Copying blob sha256:8a628cdd7ccc83e90e5a95888fcb0ec24b991141176c515ad101f12d6433eb96
Copying blob sha256:97e7d544f1102f53e73772843cd535a15024771fd751e3e7de7ac5601d82807e
Copying blob sha256:3530cc4bfea2e74a5ef8726ad907b4fdf3b12cc8ae116b0c15f283d5e831958c
Copying blob sha256:d55d33e89e5c869ebd82678fadd8aaee2a674df9727c748afb101c0d1c89f5bb
Copying blob sha256:bba90a10b1ce867f2561dd0a276e81ebb6ca207261a205c309ac9b440b3755a6
Copying blob sha256:fe39c22c9e0108a3151f0fa0e56bff032778e71642414a5d88eb18e9f2234ed7
Copying config sha256:cfd1b91292e1dfe644d5223e80cb610b96187c2f609fd518cc871db64f78e144
Writing manifest to image destination
2025/04/22 13:40:19  info unpack layer: sha256:8a628cdd7ccc83e90e5a95888fcb0ec24b991141176c515ad101f12d6433eb96
2025/04/22 13:40:20  warn xattr{etc/gshadow} ignoring ENOTSUP on setxattr "user.rootlesscontainers"
2025/04/22 13:40:20  warn xattr{/data/tmp/81753/build-temp-3875897386/rootfs/etc/gshadow} destination filesystem does not support xattrs, further warnings will be suppressed
2025/04/22 13:40:41  info unpack layer: sha256:12593af8cbd21b1576220a9427a4348a814d745e8be2f1e0c291feeccef9435f
2025/04/22 13:40:43  warn xattr{var/cache/apt/archives/partial} ignoring ENOTSUP on setxattr "user.rootlesscontainers"
2025/04/22 13:40:43  warn xattr{/data/tmp/81753/build-temp-3875897386/rootfs/var/cache/apt/archives/partial} destination filesystem does not support xattrs, further warnings will be suppressed
2025/04/22 13:40:43  info unpack layer: sha256:1a2929da74e607ea6ef07742bf12f320bf1a3dbae71e551ac6ca616497bcac33
2025/04/22 13:40:55  warn xattr{var/log/apt/term.log} ignoring ENOTSUP on setxattr "user.rootlesscontainers"
2025/04/22 13:40:55  warn xattr{/data/tmp/81753/build-temp-3875897386/rootfs/var/log/apt/term.log} destination filesystem does not support xattrs, further warnings will be suppressed
2025/04/22 13:40:55  info unpack layer: sha256:97e7d544f1102f53e73772843cd535a15024771fd751e3e7de7ac5601d82807e
2025/04/22 13:40:55  info unpack layer: sha256:3530cc4bfea2e74a5ef8726ad907b4fdf3b12cc8ae116b0c15f283d5e831958c
2025/04/22 13:40:55  info unpack layer: sha256:184a776449911524150de3a331d4c3eafe528bd2fc50c9b97326bf3fb8e1d4f6
2025/04/22 13:40:55  info unpack layer: sha256:d55d33e89e5c869ebd82678fadd8aaee2a674df9727c748afb101c0d1c89f5bb
2025/04/22 13:40:55  info unpack layer: sha256:bba90a10b1ce867f2561dd0a276e81ebb6ca207261a205c309ac9b440b3755a6
2025/04/22 13:41:35  info unpack layer: sha256:fe39c22c9e0108a3151f0fa0e56bff032778e71642414a5d88eb18e9f2234ed7
INFO:    Creating SIF file...
INFO:    Build complete: model-train.sif
